# JRE version: OpenJDK Runtime Environment (22.0.2+9) (build 22.0.2+9-70)
# Java VM: OpenJDK 64-Bit Server VM (22.0.2+9-70, mixed mode, emulated-client, sharing, tiered, compressed oops, compressed class ptrs, g1 gc, windows-amd64)
GC Precious Log:
 CardTable entry size: 512
 Card Set container configuration: InlinePtr #cards 5 size 8 Array Of Cards #cards 12 size 40 Howl #buckets 4 coarsen threshold 1843 Howl Bitmap #cards 512 size 80 coarsen threshold 460 Card regions per heap region 1 cards per card region 2048
 CPUs: 8 total, 8 available
 Memory: 8023M
 Large Page Support: Disabled
 NUMA Support: Disabled
 Compressed Oops: Enabled (32-bit)
 Heap Region Size: 1M
 Heap Min Capacity: 8M
 Heap Initial Capacity: 126M
 Heap Max Capacity: 2006M
 Pre-touch: Disabled
 Parallel Workers: 8
 Concurrent Workers: 2
 Concurrent Refinement Workers: 8
 Periodic GC: Disabled
Heap:
 garbage-first heap   total reserved 2054144K, committed 61440K, used 37547K [0x0000000082a00000, 0x0000000100000000)
  region size 1024K, 4 young (4096K), 3 survivors (3072K)
 Metaspace       used 79320K, committed 80384K, reserved 1179648K
  class space    used 11351K, committed 11776K, reserved 1048576K
GC Heap History (20 events):
Event: 7.209 GC heap before
{Heap before GC invocations=11 (full 0):
 garbage-first heap   total reserved 2054144K, committed 61440K, used 52672K [0x0000000082a00000, 0x0000000100000000)
  region size 1024K, 33 young (33792K), 4 survivors (4096K)
 Metaspace       used 52794K, committed 53440K, reserved 1114112K
  class space    used 7186K, committed 7488K, reserved 1048576K
}
Event: 7.216 GC heap after
{Heap after GC invocations=12 (full 0):
 garbage-first heap   total reserved 2054144K, committed 61440K, used 26286K [0x0000000082a00000, 0x0000000100000000)
  region size 1024K, 5 young (5120K), 5 survivors (5120K)
 Metaspace       used 52794K, committed 53440K, reserved 1114112K
  class space    used 7186K, committed 7488K, reserved 1048576K
}
Event: 8.040 GC heap before
{Heap before GC invocations=12 (full 0):
 garbage-first heap   total reserved 2054144K, committed 61440K, used 51886K [0x0000000082a00000, 0x0000000100000000)
  region size 1024K, 31 young (31744K), 5 survivors (5120K)
 Metaspace       used 57936K, committed 58560K, reserved 1114112K
  class space    used 8000K, committed 8256K, reserved 1048576K
}
Event: 8.045 GC heap after
{Heap after GC invocations=13 (full 0):
 garbage-first heap   total reserved 2054144K, committed 61440K, used 28054K [0x0000000082a00000, 0x0000000100000000)
  region size 1024K, 2 young (2048K), 2 survivors (2048K)
 Metaspace       used 57936K, committed 58560K, reserved 1114112K
  class space    used 8000K, committed 8256K, reserved 1048576K
}
Event: 8.295 GC heap before
{Heap before GC invocations=13 (full 0):
 garbage-first heap   total reserved 2054144K, committed 61440K, used 38294K [0x0000000082a00000, 0x0000000100000000)
  region size 1024K, 13 young (13312K), 2 survivors (2048K)
 Metaspace       used 59993K, committed 60608K, reserved 1114112K
  class space    used 8263K, committed 8512K, reserved 1048576K
}
Event: 8.298 GC heap after
{Heap after GC invocations=14 (full 0):
 garbage-first heap   total reserved 2054144K, committed 61440K, used 28399K [0x0000000082a00000, 0x0000000100000000)
  region size 1024K, 3 young (3072K), 3 survivors (3072K)
 Metaspace       used 59993K, committed 60608K, reserved 1114112K
  class space    used 8263K, committed 8512K, reserved 1048576K
}
Event: 8.851 GC heap before
{Heap before GC invocations=15 (full 0):
 garbage-first heap   total reserved 2054144K, committed 61440K, used 53999K [0x0000000082a00000, 0x0000000100000000)
  region size 1024K, 28 young (28672K), 3 survivors (3072K)
 Metaspace       used 65520K, committed 66240K, reserved 1114112K
  class space    used 9296K, committed 9600K, reserved 1048576K
}
Event: 8.854 GC heap after
{Heap after GC invocations=16 (full 0):
 garbage-first heap   total reserved 2054144K, committed 61440K, used 29302K [0x0000000082a00000, 0x0000000100000000)
  region size 1024K, 4 young (4096K), 4 survivors (4096K)
 Metaspace       used 65520K, committed 66240K, reserved 1114112K
  class space    used 9296K, committed 9600K, reserved 1048576K
}
Event: 9.673 GC heap before
{Heap before GC invocations=16 (full 0):
 garbage-first heap   total reserved 2054144K, committed 61440K, used 51830K [0x0000000082a00000, 0x0000000100000000)
  region size 1024K, 27 young (27648K), 4 survivors (4096K)
 Metaspace       used 68593K, committed 69312K, reserved 1114112K
  class space    used 9799K, committed 10112K, reserved 1048576K
}
Event: 9.677 GC heap after
{Heap after GC invocations=17 (full 0):
 garbage-first heap   total reserved 2054144K, committed 61440K, used 29992K [0x0000000082a00000, 0x0000000100000000)
  region size 1024K, 3 young (3072K), 3 survivors (3072K)
 Metaspace       used 68593K, committed 69312K, reserved 1114112K
  class space    used 9799K, committed 10112K, reserved 1048576K
}
Event: 17.784 GC heap before
{Heap before GC invocations=17 (full 0):
 garbage-first heap   total reserved 2054144K, committed 61440K, used 53544K [0x0000000082a00000, 0x0000000100000000)
  region size 1024K, 27 young (27648K), 3 survivors (3072K)
 Metaspace       used 68969K, committed 69696K, reserved 1114112K
  class space    used 9888K, committed 10176K, reserved 1048576K
}
Event: 17.788 GC heap after
{Heap after GC invocations=18 (full 0):
 garbage-first heap   total reserved 2054144K, committed 61440K, used 31568K [0x0000000082a00000, 0x0000000100000000)
  region size 1024K, 4 young (4096K), 4 survivors (4096K)
 Metaspace       used 68969K, committed 69696K, reserved 1114112K
  class space    used 9888K, committed 10176K, reserved 1048576K
}
Event: 24.779 GC heap before
{Heap before GC invocations=18 (full 0):
 garbage-first heap   total reserved 2054144K, committed 61440K, used 53072K [0x0000000082a00000, 0x0000000100000000)
  region size 1024K, 25 young (25600K), 4 survivors (4096K)
 Metaspace       used 71548K, committed 72256K, reserved 1114112K
  class space    used 10207K, committed 10496K, reserved 1048576K
}
Event: 24.784 GC heap after
{Heap after GC invocations=19 (full 0):
 garbage-first heap   total reserved 2054144K, committed 61440K, used 33671K [0x0000000082a00000, 0x0000000100000000)
  region size 1024K, 4 young (4096K), 4 survivors (4096K)
 Metaspace       used 71548K, committed 72256K, reserved 1114112K
  class space    used 10207K, committed 10496K, reserved 1048576K
}
Event: 25.388 GC heap before
{Heap before GC invocations=20 (full 0):
 garbage-first heap   total reserved 2054144K, committed 61440K, used 53127K [0x0000000082a00000, 0x0000000100000000)
  region size 1024K, 23 young (23552K), 4 survivors (4096K)
 Metaspace       used 72754K, committed 73472K, reserved 1114112K
  class space    used 10415K, committed 10752K, reserved 1048576K
}
Event: 25.392 GC heap after
{Heap after GC invocations=21 (full 0):
 garbage-first heap   total reserved 2054144K, committed 61440K, used 35559K [0x0000000082a00000, 0x0000000100000000)
  region size 1024K, 3 young (3072K), 3 survivors (3072K)
 Metaspace       used 72754K, committed 73472K, reserved 1114112K
  class space    used 10415K, committed 10752K, reserved 1048576K
}
Event: 52.047 GC heap before
{Heap before GC invocations=21 (full 0):
 garbage-first heap   total reserved 2054144K, committed 61440K, used 53991K [0x0000000082a00000, 0x0000000100000000)
  region size 1024K, 21 young (21504K), 3 survivors (3072K)
 Metaspace       used 74894K, committed 75648K, reserved 1114112K
  class space    used 10740K, committed 11072K, reserved 1048576K
}
Event: 52.057 GC heap after
{Heap after GC invocations=22 (full 0):
 garbage-first heap   total reserved 2054144K, committed 61440K, used 36774K [0x0000000082a00000, 0x0000000100000000)
  region size 1024K, 2 young (2048K), 2 survivors (2048K)
 Metaspace       used 74894K, committed 75648K, reserved 1114112K
  class space    used 10740K, committed 11072K, reserved 1048576K
}
Event: 56.894 GC heap before
{Heap before GC invocations=22 (full 0):
 garbage-first heap   total reserved 2054144K, committed 61440K, used 54182K [0x0000000082a00000, 0x0000000100000000)
  region size 1024K, 20 young (20480K), 2 survivors (2048K)
 Metaspace       used 79604K, committed 80384K, reserved 1179648K
  class space    used 11430K, committed 11776K, reserved 1048576K
}
Event: 56.898 GC heap after
{Heap after GC invocations=23 (full 0):
 garbage-first heap   total reserved 2054144K, committed 61440K, used 37547K [0x0000000082a00000, 0x0000000100000000)
  region size 1024K, 3 young (3072K), 3 survivors (3072K)
 Metaspace       used 79604K, committed 80384K, reserved 1179648K
  class space    used 11430K, committed 11776K, reserved 1048576K
}

