# JRE version: OpenJDK Runtime Environment (22.0.2+9) (build 22.0.2+9-70)
# Java VM: OpenJDK 64-Bit Server VM (22.0.2+9-70, mixed mode, emulated-client, sharing, tiered, compressed oops, compressed class ptrs, g1 gc, windows-amd64)
GC Precious Log:
 CardTable entry size: 512
 Card Set container configuration: InlinePtr #cards 5 size 8 Array Of Cards #cards 12 size 40 Howl #buckets 4 coarsen threshold 1843 Howl Bitmap #cards 512 size 80 coarsen threshold 460 Card regions per heap region 1 cards per card region 2048
 CPUs: 8 total, 8 available
 Memory: 8023M
 Large Page Support: Disabled
 NUMA Support: Disabled
 Compressed Oops: Enabled (32-bit)
 Heap Region Size: 1M
 Heap Min Capacity: 8M
 Heap Initial Capacity: 126M
 Heap Max Capacity: 2006M
 Pre-touch: Disabled
 Parallel Workers: 8
 Concurrent Workers: 2
 Concurrent Refinement Workers: 8
 Periodic GC: Disabled
Heap:
 garbage-first heap   total reserved 2054144K, committed 66560K, used 53488K [0x0000000082a00000, 0x0000000100000000)
  region size 1024K, 17 young (17408K), 2 survivors (2048K)
 Metaspace       used 80697K, committed 81408K, reserved 1179648K
  class space    used 11577K, committed 11904K, reserved 1048576K
GC Heap History (20 events):
Event: 9.899 GC heap after
{Heap after GC invocations=12 (full 0):
 garbage-first heap   total reserved 2054144K, committed 61440K, used 26836K [0x0000000082a00000, 0x0000000100000000)
  region size 1024K, 4 young (4096K), 4 survivors (4096K)
 Metaspace       used 50689K, committed 51264K, reserved 1114112K
  class space    used 6865K, committed 7104K, reserved 1048576K
}
Event: 10.881 GC heap before
{Heap before GC invocations=12 (full 0):
 garbage-first heap   total reserved 2054144K, committed 61440K, used 52436K [0x0000000082a00000, 0x0000000100000000)
  region size 1024K, 30 young (30720K), 4 survivors (4096K)
 Metaspace       used 56531K, committed 57152K, reserved 1114112K
  class space    used 7810K, committed 8064K, reserved 1048576K
}
Event: 10.886 GC heap after
{Heap after GC invocations=13 (full 0):
 garbage-first heap   total reserved 2054144K, committed 61440K, used 27790K [0x0000000082a00000, 0x0000000100000000)
  region size 1024K, 2 young (2048K), 2 survivors (2048K)
 Metaspace       used 56531K, committed 57152K, reserved 1114112K
  class space    used 7810K, committed 8064K, reserved 1048576K
}
Event: 11.326 GC heap before
{Heap before GC invocations=13 (full 0):
 garbage-first heap   total reserved 2054144K, committed 61440K, used 50318K [0x0000000082a00000, 0x0000000100000000)
  region size 1024K, 26 young (26624K), 2 survivors (2048K)
 Metaspace       used 60173K, committed 60800K, reserved 1114112K
  class space    used 8278K, committed 8576K, reserved 1048576K
}
Event: 11.330 GC heap after
{Heap after GC invocations=14 (full 0):
 garbage-first heap   total reserved 2054144K, committed 61440K, used 28918K [0x0000000082a00000, 0x0000000100000000)
  region size 1024K, 3 young (3072K), 3 survivors (3072K)
 Metaspace       used 60173K, committed 60800K, reserved 1114112K
  class space    used 8278K, committed 8576K, reserved 1048576K
}
Event: 11.896 GC heap before
{Heap before GC invocations=15 (full 0):
 garbage-first heap   total reserved 2054144K, committed 61440K, used 53494K [0x0000000082a00000, 0x0000000100000000)
  region size 1024K, 28 young (28672K), 3 survivors (3072K)
 Metaspace       used 65914K, committed 66624K, reserved 1114112K
  class space    used 9351K, committed 9664K, reserved 1048576K
}
Event: 11.899 GC heap after
{Heap after GC invocations=16 (full 0):
 garbage-first heap   total reserved 2054144K, committed 61440K, used 29727K [0x0000000082a00000, 0x0000000100000000)
  region size 1024K, 3 young (3072K), 3 survivors (3072K)
 Metaspace       used 65914K, committed 66624K, reserved 1114112K
  class space    used 9351K, committed 9664K, reserved 1048576K
}
Event: 12.427 GC heap before
{Heap before GC invocations=16 (full 0):
 garbage-first heap   total reserved 2054144K, committed 61440K, used 53279K [0x0000000082a00000, 0x0000000100000000)
  region size 1024K, 27 young (27648K), 3 survivors (3072K)
 Metaspace       used 69349K, committed 70080K, reserved 1114112K
  class space    used 9907K, committed 10240K, reserved 1048576K
}
Event: 12.431 GC heap after
{Heap after GC invocations=17 (full 0):
 garbage-first heap   total reserved 2054144K, committed 61440K, used 30205K [0x0000000082a00000, 0x0000000100000000)
  region size 1024K, 3 young (3072K), 3 survivors (3072K)
 Metaspace       used 69349K, committed 70080K, reserved 1114112K
  class space    used 9907K, committed 10240K, reserved 1048576K
}
Event: 19.968 GC heap before
{Heap before GC invocations=17 (full 0):
 garbage-first heap   total reserved 2054144K, committed 61440K, used 53757K [0x0000000082a00000, 0x0000000100000000)
  region size 1024K, 27 young (27648K), 3 survivors (3072K)
 Metaspace       used 70107K, committed 70912K, reserved 1114112K
  class space    used 10056K, committed 10432K, reserved 1048576K
}
Event: 19.972 GC heap after
{Heap after GC invocations=18 (full 0):
 garbage-first heap   total reserved 2054144K, committed 61440K, used 31949K [0x0000000082a00000, 0x0000000100000000)
  region size 1024K, 4 young (4096K), 4 survivors (4096K)
 Metaspace       used 70107K, committed 70912K, reserved 1114112K
  class space    used 10056K, committed 10432K, reserved 1048576K
}
Event: 35.940 GC heap before
{Heap before GC invocations=18 (full 0):
 garbage-first heap   total reserved 2054144K, committed 61440K, used 52429K [0x0000000082a00000, 0x0000000100000000)
  region size 1024K, 25 young (25600K), 4 survivors (4096K)
 Metaspace       used 72291K, committed 73088K, reserved 1114112K
  class space    used 10292K, committed 10624K, reserved 1048576K
}
Event: 35.945 GC heap after
{Heap after GC invocations=19 (full 0):
 garbage-first heap   total reserved 2054144K, committed 61440K, used 33581K [0x0000000082a00000, 0x0000000100000000)
  region size 1024K, 4 young (4096K), 4 survivors (4096K)
 Metaspace       used 72291K, committed 73088K, reserved 1114112K
  class space    used 10292K, committed 10624K, reserved 1048576K
}
Event: 36.515 GC heap before
{Heap before GC invocations=20 (full 0):
 garbage-first heap   total reserved 2054144K, committed 61440K, used 53037K [0x0000000082a00000, 0x0000000100000000)
  region size 1024K, 23 young (23552K), 4 survivors (4096K)
 Metaspace       used 73120K, committed 73856K, reserved 1114112K
  class space    used 10488K, committed 10816K, reserved 1048576K
}
Event: 36.519 GC heap after
{Heap after GC invocations=21 (full 0):
 garbage-first heap   total reserved 2054144K, committed 61440K, used 35363K [0x0000000082a00000, 0x0000000100000000)
  region size 1024K, 3 young (3072K), 3 survivors (3072K)
 Metaspace       used 73120K, committed 73856K, reserved 1114112K
  class space    used 10488K, committed 10816K, reserved 1048576K
}
Event: 37.280 GC heap before
{Heap before GC invocations=21 (full 0):
 garbage-first heap   total reserved 2054144K, committed 61440K, used 54819K [0x0000000082a00000, 0x0000000100000000)
  region size 1024K, 22 young (22528K), 3 survivors (3072K)
 Metaspace       used 75312K, committed 76096K, reserved 1179648K
  class space    used 10806K, committed 11136K, reserved 1048576K
}
Event: 37.286 GC heap after
{Heap after GC invocations=22 (full 0):
 garbage-first heap   total reserved 2054144K, committed 63488K, used 37388K [0x0000000082a00000, 0x0000000100000000)
  region size 1024K, 3 young (3072K), 3 survivors (3072K)
 Metaspace       used 75312K, committed 76096K, reserved 1179648K
  class space    used 10806K, committed 11136K, reserved 1048576K
}
Event: 45.533 GC heap before
{Heap before GC invocations=22 (full 0):
 garbage-first heap   total reserved 2054144K, committed 63488K, used 53772K [0x0000000082a00000, 0x0000000100000000)
  region size 1024K, 20 young (20480K), 3 survivors (3072K)
 Metaspace       used 78723K, committed 79488K, reserved 1179648K
  class space    used 11317K, committed 11648K, reserved 1048576K
}
Event: 45.540 GC heap after
{Heap after GC invocations=23 (full 0):
 garbage-first heap   total reserved 2054144K, committed 63488K, used 39152K [0x0000000082a00000, 0x0000000100000000)
  region size 1024K, 2 young (2048K), 2 survivors (2048K)
 Metaspace       used 78723K, committed 79488K, reserved 1179648K
  class space    used 11317K, committed 11648K, reserved 1048576K
}
Event: 123.525 GC heap before
{Heap before GC invocations=24 (full 0):
 garbage-first heap   total reserved 2054144K, committed 66560K, used 53488K [0x0000000082a00000, 0x0000000100000000)
  region size 1024K, 17 young (17408K), 2 survivors (2048K)
 Metaspace       used 80697K, committed 81408K, reserved 1179648K
  class space    used 11577K, committed 11904K, reserved 1048576K
}

