# JRE version: OpenJDK Runtime Environment (22.0.2+9) (build 22.0.2+9-70)
# Java VM: OpenJDK 64-Bit Server VM (22.0.2+9-70, mixed mode, emulated-client, sharing, tiered, compressed oops, compressed class ptrs, g1 gc, windows-amd64)
GC Precious Log:
 CardTable entry size: 512
 Card Set container configuration: InlinePtr #cards 5 size 8 Array Of Cards #cards 12 size 40 Howl #buckets 4 coarsen threshold 1843 Howl Bitmap #cards 512 size 80 coarsen threshold 460 Card regions per heap region 1 cards per card region 2048
 CPUs: 8 total, 8 available
 Memory: 8023M
 Large Page Support: Disabled
 NUMA Support: Disabled
 Compressed Oops: Enabled (32-bit)
 Heap Region Size: 1M
 Heap Min Capacity: 8M
 Heap Initial Capacity: 126M
 Heap Max Capacity: 2006M
 Pre-touch: Disabled
 Parallel Workers: 8
 Concurrent Workers: 2
 Concurrent Refinement Workers: 8
 Periodic GC: Disabled
Heap:
 garbage-first heap   total reserved 2054144K, committed 51200K, used 40024K [0x0000000082a00000, 0x0000000100000000)
  region size 1024K, 15 young (15360K), 2 survivors (2048K)
 Metaspace       used 62959K, committed 63552K, reserved 1114112K
  class space    used 8768K, committed 9024K, reserved 1048576K
GC Heap History (20 events):
Event: 5.657 GC heap before
{Heap before GC invocations=5 (full 0):
 garbage-first heap   total reserved 2054144K, committed 51200K, used 39013K [0x0000000082a00000, 0x0000000100000000)
  region size 1024K, 25 young (25600K), 3 survivors (3072K)
 Metaspace       used 26808K, committed 27392K, reserved 1114112K
  class space    used 3745K, committed 3968K, reserved 1048576K
}
Event: 5.661 GC heap after
{Heap after GC invocations=6 (full 0):
 garbage-first heap   total reserved 2054144K, committed 51200K, used 17961K [0x0000000082a00000, 0x0000000100000000)
  region size 1024K, 2 young (2048K), 2 survivors (2048K)
 Metaspace       used 26808K, committed 27392K, reserved 1114112K
  class space    used 3745K, committed 3968K, reserved 1048576K
}
Event: 6.320 GC heap before
{Heap before GC invocations=6 (full 0):
 garbage-first heap   total reserved 2054144K, committed 51200K, used 40489K [0x0000000082a00000, 0x0000000100000000)
  region size 1024K, 24 young (24576K), 2 survivors (2048K)
 Metaspace       used 30220K, committed 30848K, reserved 1114112K
  class space    used 4267K, committed 4544K, reserved 1048576K
}
Event: 6.324 GC heap after
{Heap after GC invocations=7 (full 0):
 garbage-first heap   total reserved 2054144K, committed 51200K, used 20148K [0x0000000082a00000, 0x0000000100000000)
  region size 1024K, 3 young (3072K), 3 survivors (3072K)
 Metaspace       used 30220K, committed 30848K, reserved 1114112K
  class space    used 4267K, committed 4544K, reserved 1048576K
}
Event: 9.407 GC heap before
{Heap before GC invocations=7 (full 0):
 garbage-first heap   total reserved 2054144K, committed 51200K, used 41652K [0x0000000082a00000, 0x0000000100000000)
  region size 1024K, 24 young (24576K), 3 survivors (3072K)
 Metaspace       used 32975K, committed 33600K, reserved 1114112K
  class space    used 4611K, committed 4864K, reserved 1048576K
}
Event: 9.411 GC heap after
{Heap after GC invocations=8 (full 0):
 garbage-first heap   total reserved 2054144K, committed 51200K, used 21992K [0x0000000082a00000, 0x0000000100000000)
  region size 1024K, 2 young (2048K), 2 survivors (2048K)
 Metaspace       used 32975K, committed 33600K, reserved 1114112K
  class space    used 4611K, committed 4864K, reserved 1048576K
}
Event: 12.554 GC heap before
{Heap before GC invocations=8 (full 0):
 garbage-first heap   total reserved 2054144K, committed 51200K, used 27112K [0x0000000082a00000, 0x0000000100000000)
  region size 1024K, 8 young (8192K), 2 survivors (2048K)
 Metaspace       used 35567K, committed 36160K, reserved 1114112K
  class space    used 4856K, committed 5120K, reserved 1048576K
}
Event: 12.557 GC heap after
{Heap after GC invocations=9 (full 0):
 garbage-first heap   total reserved 2054144K, committed 51200K, used 22114K [0x0000000082a00000, 0x0000000100000000)
  region size 1024K, 2 young (2048K), 2 survivors (2048K)
 Metaspace       used 35567K, committed 36160K, reserved 1114112K
  class space    used 4856K, committed 5120K, reserved 1048576K
}
Event: 18.150 GC heap before
{Heap before GC invocations=10 (full 0):
 garbage-first heap   total reserved 2054144K, committed 51200K, used 42594K [0x0000000082a00000, 0x0000000100000000)
  region size 1024K, 23 young (23552K), 2 survivors (2048K)
 Metaspace       used 44138K, committed 44800K, reserved 1114112K
  class space    used 5891K, committed 6144K, reserved 1048576K
}
Event: 18.154 GC heap after
{Heap after GC invocations=11 (full 0):
 garbage-first heap   total reserved 2054144K, committed 51200K, used 23798K [0x0000000082a00000, 0x0000000100000000)
  region size 1024K, 2 young (2048K), 2 survivors (2048K)
 Metaspace       used 44138K, committed 44800K, reserved 1114112K
  class space    used 5891K, committed 6144K, reserved 1048576K
}
Event: 18.782 GC heap before
{Heap before GC invocations=11 (full 0):
 garbage-first heap   total reserved 2054144K, committed 51200K, used 43254K [0x0000000082a00000, 0x0000000100000000)
  region size 1024K, 22 young (22528K), 2 survivors (2048K)
 Metaspace       used 46895K, committed 47552K, reserved 1114112K
  class space    used 6245K, committed 6528K, reserved 1048576K
}
Event: 18.787 GC heap after
{Heap after GC invocations=12 (full 0):
 garbage-first heap   total reserved 2054144K, committed 51200K, used 25132K [0x0000000082a00000, 0x0000000100000000)
  region size 1024K, 2 young (2048K), 2 survivors (2048K)
 Metaspace       used 46895K, committed 47552K, reserved 1114112K
  class space    used 6245K, committed 6528K, reserved 1048576K
}
Event: 22.444 GC heap before
{Heap before GC invocations=12 (full 0):
 garbage-first heap   total reserved 2054144K, committed 51200K, used 43564K [0x0000000082a00000, 0x0000000100000000)
  region size 1024K, 21 young (21504K), 2 survivors (2048K)
 Metaspace       used 50034K, committed 50688K, reserved 1114112K
  class space    used 6775K, committed 7040K, reserved 1048576K
}
Event: 22.447 GC heap after
{Heap after GC invocations=13 (full 0):
 garbage-first heap   total reserved 2054144K, committed 51200K, used 26199K [0x0000000082a00000, 0x0000000100000000)
  region size 1024K, 2 young (2048K), 2 survivors (2048K)
 Metaspace       used 50034K, committed 50688K, reserved 1114112K
  class space    used 6775K, committed 7040K, reserved 1048576K
}
Event: 23.189 GC heap before
{Heap before GC invocations=14 (full 0):
 garbage-first heap   total reserved 2054144K, committed 51200K, used 43607K [0x0000000082a00000, 0x0000000100000000)
  region size 1024K, 20 young (20480K), 2 survivors (2048K)
 Metaspace       used 53554K, committed 54208K, reserved 1114112K
  class space    used 7385K, committed 7680K, reserved 1048576K
}
Event: 23.192 GC heap after
{Heap after GC invocations=15 (full 0):
 garbage-first heap   total reserved 2054144K, committed 51200K, used 27083K [0x0000000082a00000, 0x0000000100000000)
  region size 1024K, 2 young (2048K), 2 survivors (2048K)
 Metaspace       used 53554K, committed 54208K, reserved 1114112K
  class space    used 7385K, committed 7680K, reserved 1048576K
}
Event: 24.144 GC heap before
{Heap before GC invocations=15 (full 0):
 garbage-first heap   total reserved 2054144K, committed 51200K, used 44491K [0x0000000082a00000, 0x0000000100000000)
  region size 1024K, 20 young (20480K), 2 survivors (2048K)
 Metaspace       used 57202K, committed 57856K, reserved 1114112K
  class space    used 7929K, committed 8192K, reserved 1048576K
}
Event: 24.149 GC heap after
{Heap after GC invocations=16 (full 0):
 garbage-first heap   total reserved 2054144K, committed 51200K, used 28013K [0x0000000082a00000, 0x0000000100000000)
  region size 1024K, 3 young (3072K), 3 survivors (3072K)
 Metaspace       used 57202K, committed 57856K, reserved 1114112K
  class space    used 7929K, committed 8192K, reserved 1048576K
}
Event: 24.752 GC heap before
{Heap before GC invocations=16 (full 0):
 garbage-first heap   total reserved 2054144K, committed 51200K, used 43373K [0x0000000082a00000, 0x0000000100000000)
  region size 1024K, 18 young (18432K), 3 survivors (3072K)
 Metaspace       used 60083K, committed 60736K, reserved 1114112K
  class space    used 8305K, committed 8576K, reserved 1048576K
}
Event: 24.755 GC heap after
{Heap after GC invocations=17 (full 0):
 garbage-first heap   total reserved 2054144K, committed 51200K, used 28760K [0x0000000082a00000, 0x0000000100000000)
  region size 1024K, 2 young (2048K), 2 survivors (2048K)
 Metaspace       used 60083K, committed 60736K, reserved 1114112K
  class space    used 8305K, committed 8576K, reserved 1048576K
}

